3388 DEBUG controllers.Controller: Search commit response handled
3391 INFO  controllers.Controller: Total commits found: 1
3396 DEBUG services.CommitService: sanitising mappings for src/main/java/controllers/Controller.java
3397 DEBUG services.CommitService: the old source is: 	public String[] generateRecommendations(String source, String target)
3397 DEBUG services.CommitService: the source indices are: empty
3397 DEBUG services.CommitService: the old source is: 			throws URISyntaxException, ClientProtocolException, IOException {
3397 DEBUG services.CommitService: the source indices are: empty
3397 DEBUG services.CommitService: the old source is: 		HttpEntity entity = response.getEntity();
3398 DEBUG services.CommitService: the source indices are: empty
3398 DEBUG services.CommitService: the old source is: 		Gson gson = new GsonBuilder().create();
3398 DEBUG services.CommitService: char before GsonBuilder is  
3398 DEBUG services.CommitService: 2 chars before GsonBuilder is w 
3399 DEBUG services.CommitService: char after GsonBuilder is (
3399 DEBUG services.CommitService: we have found GsonBuilder in 		Gson gson = new GsonBuilder().create();
3399 DEBUG services.CommitService: protected indices are: [18, 29]
3399 DEBUG services.CommitService: char before Gson is 	
3399 DEBUG services.CommitService: 2 chars before Gson is 		
3400 DEBUG services.CommitService: char after Gson is  
3400 DEBUG services.CommitService: we have found Gson in 		Gson gson = new GsonBuilder().create();
3400 DEBUG services.CommitService: protected indices are: [18, 29, 32, 38, 32, 38, 2, 6]
3400 DEBUG services.CommitService: char before Gson is  
3401 DEBUG services.CommitService: 2 chars before Gson is w 
3401 DEBUG services.CommitService: char after Gson is B
3401 DEBUG services.CommitService: the source indices are: [18, 29, 32, 38, 2, 6, 14, 17, 29, 30, 38, 39, 30, 31, 39, 40, 40, 41, 31, 32, 6, 7, 11, 12, 13, 14, 17, 18, 12, 13]
3401 DEBUG services.CommitService: the new source is ***Gson *** = new GsonBuilder().create();
3401 DEBUG services.CommitService: the old target is 		SearchCommitResponse searchCommitResponse = scs.createNewSearchCommitResponse(response);
3401 DEBUG services.CommitService: char before SearchCommitResponse is 	
3402 DEBUG services.CommitService: 2 chars before SearchCommitResponse is 		
3402 DEBUG services.CommitService: char after SearchCommitResponse is  
3403 DEBUG services.CommitService: we have found SearchCommitResponse in 		SearchCommitResponse searchCommitResponse = scs.createNewSearchCommitResponse(response);
3403 DEBUG services.CommitService: protected indices are: [2, 22]
3404 DEBUG services.CommitService: char before SearchCommitResponse is w
3405 DEBUG services.CommitService: 2 chars before SearchCommitResponse is ew
3405 DEBUG services.CommitService: char after SearchCommitResponse is (
3405 DEBUG services.CommitService: the target indices are [2, 22, 79, 80, 88, 89, 89, 90, 49, 50, 22, 23, 43, 44, 45, 46, 44, 45]
3406 DEBUG services.CommitService: the new target is ***SearchCommitResponse *** = ***.***(***);
3406 DEBUG services.CommitService: the old source is: 		ContentType contentType = ContentType.getOrDefault(entity);
3406 DEBUG services.CommitService: the source indices are: empty
3406 DEBUG services.CommitService: the old source is: 		Charset charset = contentType.getCharset();
3407 DEBUG services.CommitService: the source indices are: empty
3407 DEBUG services.CommitService: the old source is: 		Reader reader = new InputStreamReader(entity.getContent(), charset);
3407 DEBUG services.CommitService: the source indices are: empty
3407 DEBUG services.CommitService: the old source is: 		SearchCommitResponse searchCommitResponse = gson.fromJson(reader, SearchCommitResponse.class);
3407 DEBUG services.CommitService: the source indices are: empty
3407 DEBUG services.CommitService: sanitising mappings for src/main/java/domain/SearchCommitResponse.java
3408 DEBUG services.CommitService: the old source is: 	SearchCommit[] items;
3408 DEBUG services.CommitService: the source indices are: empty
3410 DEBUG controllers.Controller: processed: add service to map results of searching github commits to an object
3410 DEBUG services.RecommendationEngine: merging 1 commits
3431 DEBUG services.CommitService: sanitising mappings for null
3432 DEBUG services.CommitService: the old source is: \t\tGson gson = new GsonBuilder().create();
3433 DEBUG services.CommitService: char before GsonBuilder is  
3433 DEBUG services.CommitService: 2 chars before GsonBuilder is w 
3433 DEBUG services.CommitService: char after GsonBuilder is (
3433 DEBUG services.CommitService: we have found GsonBuilder in \t\tGson gson = new GsonBuilder().create();
3433 DEBUG services.CommitService: protected indices are: [20, 31]
3433 DEBUG services.CommitService: char before Gson is t
3433 DEBUG services.CommitService: 2 chars before Gson is \t
3433 DEBUG services.CommitService: char after Gson is  
3433 DEBUG services.CommitService: we have found Gson in \t\tGson gson = new GsonBuilder().create();
3433 DEBUG services.CommitService: protected indices are: [20, 31, 34, 40, 34, 40, 4, 8]
3433 DEBUG services.CommitService: char before Gson is  
3434 DEBUG services.CommitService: 2 chars before Gson is w 
3434 DEBUG services.CommitService: char after Gson is B
3435 DEBUG services.CommitService: the source indices are: [20, 31, 34, 40, 4, 8, 16, 19, 31, 32, 40, 41, 32, 33, 41, 42, 42, 43, 33, 34, 8, 9, 13, 14, 15, 16, 19, 20, 14, 15, 0, 2, 2, 4]
3435 DEBUG services.CommitService: the new source is \t\tGson *** = new GsonBuilder().create();
3436 DEBUG services.CommitService: the old target is \t\tSearchCommitResponse searchCommitResponse = scs.createNewSearchCommitResponse(response);
3436 DEBUG services.CommitService: char before SearchCommitResponse is t
3436 DEBUG services.CommitService: 2 chars before SearchCommitResponse is \t
3436 DEBUG services.CommitService: char after SearchCommitResponse is  
3437 DEBUG services.CommitService: we have found SearchCommitResponse in \t\tSearchCommitResponse searchCommitResponse = scs.createNewSearchCommitResponse(response);
3437 DEBUG services.CommitService: protected indices are: [4, 24]
3437 DEBUG services.CommitService: char before SearchCommitResponse is w
3437 DEBUG services.CommitService: 2 chars before SearchCommitResponse is ew
3437 DEBUG services.CommitService: char after SearchCommitResponse is (
3437 DEBUG services.CommitService: the target indices are [4, 24, 81, 82, 90, 91, 91, 92, 51, 52, 24, 25, 45, 46, 47, 48, 46, 47, 0, 2, 2, 4]
3438 DEBUG services.CommitService: the new target is \t\tSearchCommitResponse *** = ***.***(***);
3438 DEBUG services.CommitService: sanitising mappings for null
3439 DEBUG services.CommitService: the old source is: \t\tGson *** = new GsonBuilder().create();
3439 DEBUG services.CommitService: char before GsonBuilder is  
3439 DEBUG services.CommitService: 2 chars before GsonBuilder is w 
3439 DEBUG services.CommitService: char after GsonBuilder is (
3439 DEBUG services.CommitService: we have found GsonBuilder in \t\tGson *** = new GsonBuilder().create();
3439 DEBUG services.CommitService: protected indices are: [19, 30]
3439 DEBUG services.CommitService: char before Gson is t
3439 DEBUG services.CommitService: 2 chars before Gson is \t
3439 DEBUG services.CommitService: char after Gson is  
3440 DEBUG services.CommitService: we have found Gson in \t\tGson *** = new GsonBuilder().create();
3440 DEBUG services.CommitService: protected indices are: [19, 30, 33, 39, 33, 39, 4, 8]
3440 DEBUG services.CommitService: char before Gson is  
3440 DEBUG services.CommitService: 2 chars before Gson is w 
3440 DEBUG services.CommitService: char after Gson is B
3440 DEBUG services.CommitService: the source indices are: [19, 30, 33, 39, 4, 8, 15, 18, 30, 31, 39, 40, 31, 32, 40, 41, 41, 42, 32, 33, 8, 9, 12, 13, 14, 15, 18, 19, 13, 14, 0, 2, 2, 4]
3440 DEBUG services.CommitService: the new source is \t\tGson *** = new GsonBuilder().create();
3441 DEBUG services.CommitService: the old target is \t\tSearchCommitResponse *** = ***.***(***);
3441 DEBUG services.CommitService: char before SearchCommitResponse is t
3441 DEBUG services.CommitService: 2 chars before SearchCommitResponse is \t
3441 DEBUG services.CommitService: char after SearchCommitResponse is  
3442 DEBUG services.CommitService: we have found SearchCommitResponse in \t\tSearchCommitResponse *** = ***.***(***);
3442 DEBUG services.CommitService: protected indices are: [4, 24]
3443 DEBUG services.CommitService: the target indices are [4, 24, 38, 39, 42, 43, 43, 44, 34, 35, 24, 25, 28, 29, 30, 31, 29, 30, 0, 2, 2, 4]
3443 DEBUG services.CommitService: the new target is \t\tSearchCommitResponse *** = ***.***(***);
3453 DEBUG services.CommitService: sanitising mappings for null
3468 DEBUG services.CommitService: the old source is: import x.y.z.One
3468 DEBUG services.CommitService: char before One is .
3468 DEBUG services.CommitService: 2 chars before One is z.
3468 DEBUG services.CommitService: char after One is null
3469 DEBUG services.CommitService: the source indices are: []
3469 DEBUG services.CommitService: the new source is import x.y.z.One
3469 DEBUG services.CommitService: the old target is import a.b.Six
3469 DEBUG services.CommitService: char before Six is .
3469 DEBUG services.CommitService: 2 chars before Six is b.
3469 DEBUG services.CommitService: char after Six is null
3470 DEBUG services.CommitService: the target indices are []
3470 DEBUG services.CommitService: the new target is import a.b.Six
3470 DEBUG services.CommitService: the old source is: @Two
3470 DEBUG services.CommitService: char before Two is @
3470 DEBUG services.CommitService: 2 chars before Two is 
3470 DEBUG services.CommitService: char after Two is null
3470 DEBUG services.CommitService: we have found Two in @Two
3471 DEBUG services.CommitService: protected indices are: [1, 4]
3471 DEBUG services.CommitService: the source indices are: [1, 4, 0, 1]
3471 DEBUG services.CommitService: the new source is @Two
3471 DEBUG services.CommitService: the old target is @Four(PROP)
3471 DEBUG services.CommitService: char before Four is @
3471 DEBUG services.CommitService: 2 chars before Four is 
3471 DEBUG services.CommitService: char after Four is (
3471 DEBUG services.CommitService: we have found Four in @Four(PROP)
3472 DEBUG services.CommitService: protected indices are: [1, 5]
3472 DEBUG services.CommitService: the target indices are [1, 5, 0, 1, 5, 6, 10, 11]
3472 DEBUG services.CommitService: the new target is @Four(***)
3472 DEBUG services.CommitService: the old source is: oneInstance.create(var)
3472 DEBUG services.CommitService: the source indices are: [12, 18, 18, 19, 22, 23, 11, 12]
3473 DEBUG services.CommitService: the new source is ***.create(***)
3473 DEBUG services.CommitService: the old target is fiveInstance.add(var)
3474 DEBUG services.CommitService: the target indices are [13, 16, 16, 17, 20, 21, 12, 13]
3474 DEBUG services.CommitService: the new target is ***.add(***)
3474 DEBUG services.CommitService: the old source is: threeInstance.sum(listVar)
3474 DEBUG services.CommitService: the source indices are: [14, 17, 17, 18, 25, 26, 13, 14]
3474 DEBUG services.CommitService: the new source is ***.sum(***)
3474 DEBUG services.CommitService: the old target is sixInstance.addTwo(1,2)
3474 DEBUG services.CommitService: the target indices are [12, 18, 20, 21, 18, 19, 22, 23, 11, 12]
3474 DEBUG services.CommitService: the new target is ***.addTwo(***,***)
3474 DEBUG services.CommitService: the old source is: threeInstance.sum(listVar)
3474 DEBUG services.CommitService: the source indices are: [14, 17, 17, 18, 25, 26, 13, 14]
3474 DEBUG services.CommitService: the new source is ***.sum(***)
3474 DEBUG services.CommitService: the old target is sixInstance.addThree(1,2,3)
3474 DEBUG services.CommitService: the target indices are [12, 20, 22, 23, 24, 25, 20, 21, 26, 27, 11, 12]
3474 DEBUG services.CommitService: the new target is ***.addThree(***,***,***)
3489 DEBUG services.CommitService: sanitising mappings for src/main/java/controllers/Controller.java
3490 DEBUG services.CommitService: the old source is: 	public String[] generateRecommendations(String source, String target)
3490 DEBUG services.CommitService: the source indices are: empty
3491 DEBUG services.CommitService: the old source is: 			throws URISyntaxException, ClientProtocolException, IOException {
3491 DEBUG services.CommitService: the source indices are: empty
3491 DEBUG services.CommitService: the old source is: 		HttpEntity entity = response.getEntity();
3491 DEBUG services.CommitService: the source indices are: empty
3491 DEBUG services.CommitService: the old source is: 		Gson gson = new GsonBuilder().create();
3491 DEBUG services.CommitService: char before GsonBuilder is  
3492 DEBUG services.CommitService: 2 chars before GsonBuilder is w 
3492 DEBUG services.CommitService: char after GsonBuilder is (
3492 DEBUG services.CommitService: we have found GsonBuilder in 		Gson gson = new GsonBuilder().create();
3492 DEBUG services.CommitService: protected indices are: [18, 29]
3492 DEBUG services.CommitService: char before Gson is 	
3492 DEBUG services.CommitService: 2 chars before Gson is 		
3493 DEBUG services.CommitService: char after Gson is  
3493 DEBUG services.CommitService: we have found Gson in 		Gson gson = new GsonBuilder().create();
3493 DEBUG services.CommitService: protected indices are: [18, 29, 32, 38, 32, 38, 2, 6]
3494 DEBUG services.CommitService: char before Gson is  
3494 DEBUG services.CommitService: 2 chars before Gson is w 
3494 DEBUG services.CommitService: char after Gson is B
3494 DEBUG services.CommitService: the source indices are: [18, 29, 32, 38, 2, 6, 14, 17, 29, 30, 38, 39, 30, 31, 39, 40, 40, 41, 31, 32, 6, 7, 11, 12, 13, 14, 17, 18, 12, 13]
3494 DEBUG services.CommitService: the new source is ***Gson *** = new GsonBuilder().create();
3494 DEBUG services.CommitService: the old target is 		SearchCommitResponse searchCommitResponse = scs.createNewSearchCommitResponse(response);
3496 DEBUG services.CommitService: char before SearchCommitResponse is 	
3496 DEBUG services.CommitService: 2 chars before SearchCommitResponse is 		
3509 DEBUG services.CommitService: char after SearchCommitResponse is  
3512 DEBUG services.CommitService: we have found SearchCommitResponse in 		SearchCommitResponse searchCommitResponse = scs.createNewSearchCommitResponse(response);
3513 DEBUG services.CommitService: protected indices are: [2, 22]
3513 DEBUG services.CommitService: char before SearchCommitResponse is w
3513 DEBUG services.CommitService: 2 chars before SearchCommitResponse is ew
3513 DEBUG services.CommitService: char after SearchCommitResponse is (
3513 DEBUG services.CommitService: the target indices are [2, 22, 79, 80, 88, 89, 89, 90, 49, 50, 22, 23, 43, 44, 45, 46, 44, 45]
3514 DEBUG services.CommitService: the new target is ***SearchCommitResponse *** = ***.***(***);
3514 DEBUG services.CommitService: the old source is: 		ContentType contentType = ContentType.getOrDefault(entity);
3514 DEBUG services.CommitService: the source indices are: empty
3514 DEBUG services.CommitService: the old source is: 		Charset charset = contentType.getCharset();
3514 DEBUG services.CommitService: the source indices are: empty
3514 DEBUG services.CommitService: the old source is: 		Reader reader = new InputStreamReader(entity.getContent(), charset);
3514 DEBUG services.CommitService: the source indices are: empty
3515 DEBUG services.CommitService: the old source is: 		SearchCommitResponse searchCommitResponse = gson.fromJson(reader, SearchCommitResponse.class);
3515 DEBUG services.CommitService: the source indices are: empty
3515 DEBUG services.CommitService: sanitising mappings for src/main/java/domain/SearchCommitResponse.java
3516 DEBUG services.CommitService: the old source is: 	SearchCommit[] items;
3517 DEBUG services.CommitService: the source indices are: empty
3566 DEBUG services.RecommendationEngine: merging 2 commits
3657 DEBUG controllers.CommitCacheInterface: commit 2019-04-08 found in cache
3695 DEBUG controllers.CommitCacheInterface: old commit 6e199009fee42f8665923181a2f39adddcb92d5a being deleted, refreshing cache
